{"F:\\coding\\Codelex_majas_darbi\\jest-exercise\\src\\helpers\\autoGrader.ts": {"path":"F:\\coding\\Codelex_majas_darbi\\jest-exercise\\src\\helpers\\autoGrader.ts","statementMap":{"0":{"start":{"line":3,"column":26},"end":{"line":23,"column":1}},"1":{"start":{"line":4,"column":4},"end":{"line":22,"column":5}},"2":{"start":{"line":6,"column":12},"end":{"line":6,"column":35}},"3":{"start":{"line":8,"column":12},"end":{"line":8,"column":26}},"4":{"start":{"line":9,"column":12},"end":{"line":9,"column":18}},"5":{"start":{"line":11,"column":12},"end":{"line":11,"column":23}},"6":{"start":{"line":13,"column":12},"end":{"line":13,"column":23}},"7":{"start":{"line":15,"column":12},"end":{"line":15,"column":23}},"8":{"start":{"line":17,"column":12},"end":{"line":17,"column":23}},"9":{"start":{"line":19,"column":12},"end":{"line":19,"column":35}},"10":{"start":{"line":21,"column":12},"end":{"line":21,"column":23}}},"fnMap":{"0":{"name":"(anonymous_0)","decl":{"start":{"line":3,"column":26},"end":{"line":3,"column":27}},"loc":{"start":{"line":3,"column":45},"end":{"line":23,"column":1}},"line":3}},"branchMap":{"0":{"loc":{"start":{"line":4,"column":4},"end":{"line":22,"column":5}},"type":"switch","locations":[{"start":{"line":5,"column":8},"end":{"line":6,"column":35}},{"start":{"line":7,"column":8},"end":{"line":9,"column":18}},{"start":{"line":10,"column":8},"end":{"line":11,"column":23}},{"start":{"line":12,"column":8},"end":{"line":13,"column":23}},{"start":{"line":14,"column":8},"end":{"line":15,"column":23}},{"start":{"line":16,"column":8},"end":{"line":17,"column":23}},{"start":{"line":18,"column":8},"end":{"line":19,"column":35}},{"start":{"line":20,"column":8},"end":{"line":21,"column":23}}],"line":4}},"s":{"0":1,"1":8,"2":1,"3":1,"4":1,"5":1,"6":1,"7":1,"8":1,"9":1,"10":1},"f":{"0":8},"b":{"0":[1,1,1,1,1,1,1,1]},"_coverageSchema":"1a1c01bbd47fc00a2c39e90264f33305004495a9","hash":"152c39950cc017d7e435189b9b04cc64c5f5d6bc"}
,"F:\\coding\\Codelex_majas_darbi\\jest-exercise\\src\\helpers\\winner.ts": {"path":"F:\\coding\\Codelex_majas_darbi\\jest-exercise\\src\\helpers\\winner.ts","statementMap":{"0":{"start":{"line":1,"column":22},"end":{"line":3,"column":1}},"1":{"start":{"line":2,"column":4},"end":{"line":2,"column":57}}},"fnMap":{"0":{"name":"(anonymous_0)","decl":{"start":{"line":1,"column":22},"end":{"line":1,"column":23}},"loc":{"start":{"line":1,"column":41},"end":{"line":3,"column":1}},"line":1}},"branchMap":{},"s":{"0":1,"1":2},"f":{"0":2},"b":{},"_coverageSchema":"1a1c01bbd47fc00a2c39e90264f33305004495a9","hash":"c92bd8c51fa4fa6b3c999c39e7641079cef7fa9e"}
}
